#
# There is insufficient memory for the Java Runtime Environment to continue.
# Native memory allocation (mmap) failed to map 65011712 bytes for G1 virtual space
# Possible reasons:
#   The system is out of physical RAM or swap space
#   The process is running with CompressedOops enabled, and the Java Heap may be blocking the growth of the native heap
# Possible solutions:
#   Reduce memory load on the system
#   Increase physical memory or swap space
#   Check if swap backing store is full
#   Decrease Java heap size (-Xmx/-Xms)
#   Decrease number of Java threads
#   Decrease Java thread stack sizes (-Xss)
#   Set larger code cache with -XX:ReservedCodeCacheSize=
#   JVM is running with Unscaled Compressed Oops mode in which the Java heap is
#     placed in the first 4GB address space. The Java Heap base address is the
#     maximum limit for the native heap growth. Please use -XX:HeapBaseMinAddress
#     to set the Java Heap base and to place the Java Heap above 4GB virtual address.
# This output file may be truncated or incomplete.
#
#  Out of Memory Error (os_windows.cpp:3466), pid=11284, tid=8184
#
# JRE version:  (16.0.1+9) (build )
# Java VM: OpenJDK 64-Bit Server VM (16.0.1+9-24, mixed mode, sharing, tiered, compressed oops, compressed class ptrs, g1 gc, windows-amd64)
# No core dump will be written. Minidumps are not enabled by default on client versions of Windows
#

---------------  S U M M A R Y ------------

Command Line: -Dfile.encoding=MS949 -XX:+ShowCodeDetailsInExceptionMessages com.ysh.swingproject.MenuEx

Host: Intel(R) Celeron(R) N4100 CPU @ 1.10GHz, 4 cores, 3G,  Windows 10 , 64 bit Build 19041 (10.0.19041.1741)
Time: Fri Jul 22 21:19:33 2022  Windows 10 , 64 bit Build 19041 (10.0.19041.1741) elapsed time: 0.022767 seconds (0d 0h 0m 0s)

---------------  T H R E A D  ---------------

Current thread (0x000002e11e5f08d0):  JavaThread "Unknown thread" [_thread_in_vm, id=8184, stack(0x000000fadbc00000,0x000000fadbd00000)]

Stack: [0x000000fadbc00000,0x000000fadbd00000]
Native frames: (J=compiled Java code, j=interpreted, Vv=VM code, C=native code)
V  [jvm.dll+0x6687ca]
V  [jvm.dll+0x7ca3c9]
V  [jvm.dll+0x7cbb53]
V  [jvm.dll+0x7cc1b3]
V  [jvm.dll+0x242ea5]
V  [jvm.dll+0x665589]
V  [jvm.dll+0x65a175]
V  [jvm.dll+0x2fc5ab]
V  [jvm.dll+0x3037a6]
V  [jvm.dll+0x352fee]
V  [jvm.dll+0x35321f]
V  [jvm.dll+0x2d3618]
V  [jvm.dll+0x2d4854]
V  [jvm.dll+0x79ccb1]
V  [jvm.dll+0x360de1]
V  [jvm.dll+0x77a990]
V  [jvm.dll+0x3e55af]
V  [jvm.dll+0x3e7081]
C  [jli.dll+0x52fb]
C  [ucrtbase.dll+0x21bb2]
C  [KERNEL32.DLL+0x17034]
C  [ntdll.dll+0x52651]


---------------  P R O C E S S  ---------------

Threads class SMR info:
_java_thread_list=0x00007ff9de06cbb8, length=0, elements={
}

Java Threads: ( => current thread )

Other Threads:
  0x000002e11e622540 GCTaskThread "GC Thread#0" [stack: 0x000000fadbd00000,0x000000fadbe00000] [id=15420]
  0x000002e11e62c8b0 ConcurrentGCThread "G1 Main Marker" [stack: 0x000000fadbe00000,0x000000fadbf00000] [id=16260]
  0x000002e11e62d3a0 ConcurrentGCThread "G1 Conc#0" [stack: 0x000000fadbf00000,0x000000fadc000000] [id=12908]

[error occurred during error reporting (printing all threads), id 0xc0000005, EXCEPTION_ACCESS_VIOLATION (0xc0000005) at pc=0x00007ff9dd8444d7]

VM state: not at safepoint (not fully initialized)

VM Mutex/Monitor currently owned by a thread:  ([mutex/lock_event])
[0x000002e11e5ec9c0] Heap_lock - owner thread: 0x000002e11e5f08d0

Heap address: 0x00000000c2c00000, size: 980 MB, Compressed Oops mode: 32-bit

CDS archive(s) mapped at: [0x0000000000000000-0x0000000000000000-0x0000000000000000), size 0, SharedBaseAddress: 0x0000000800000000, ArchiveRelocationMode: 0.
Narrow klass base: 0x0000000000000000, Narrow klass shift: 0, Narrow klass range: 0x0

GC Precious Log:
<Empty>

Heap:
 garbage-first heap   total 0K, used 0K [0x00000000c2c00000, 0x0000000100000000)
  region size 1024K, 0 young (0K), 0 survivors (0K)

[error occurred during error reporting (printing heap information), id 0xc0000005, EXCEPTION_ACCESS_VIOLATION (0xc0000005) at pc=0x00007ff9ddc224ed]

GC Heap History (0 events):
No events

Deoptimization events (0 events):
No events

Classes unloaded (0 events):
No events

Classes redefined (0 events):
No events

Internal exceptions (0 events):
No events

Events (1 events):
Event: 0.013 Loaded shared library C:\devtool\eclipse-jee-2021-06-R-win32-x86_64\eclipse\plugins\org.eclipse.justj.openjdk.hotspot.jre.full.win32.x86_64_16.0.1.v20210528-1205\jre\bin\java.dll


Dynamic libraries:
0x00007ff77abe0000 - 0x00007ff77abee000 	C:\devtool\eclipse-jee-2021-06-R-win32-x86_64\eclipse\plugins\org.eclipse.justj.openjdk.hotspot.jre.full.win32.x86_64_16.0.1.v20210528-1205\jre\bin\javaw.exe
0x00007ffa1c590000 - 0x00007ffa1c787000 	C:\WINDOWS\SYSTEM32\ntdll.dll
0x00007ffa1ba20000 - 0x00007ffa1badd000 	C:\WINDOWS\System32\KERNEL32.DLL
0x00007ffa1a110000 - 0x00007ffa1a3dd000 	C:\WINDOWS\System32\KERNELBASE.dll
0x00007ffa1a3e0000 - 0x00007ffa1a4e0000 	C:\WINDOWS\System32\ucrtbase.dll
0x00007ffa032a0000 - 0x00007ffa032b9000 	C:\devtool\eclipse-jee-2021-06-R-win32-x86_64\eclipse\plugins\org.eclipse.justj.openjdk.hotspot.jre.full.win32.x86_64_16.0.1.v20210528-1205\jre\bin\VCRUNTIME140.dll
0x00007ffa032c0000 - 0x00007ffa032d8000 	C:\devtool\eclipse-jee-2021-06-R-win32-x86_64\eclipse\plugins\org.eclipse.justj.openjdk.hotspot.jre.full.win32.x86_64_16.0.1.v20210528-1205\jre\bin\jli.dll
0x00007ffa1c270000 - 0x00007ffa1c410000 	C:\WINDOWS\System32\USER32.dll
0x00007ff9f9290000 - 0x00007ff9f952a000 	C:\WINDOWS\WinSxS\amd64_microsoft.windows.common-controls_6595b64144ccf1df_6.0.19041.1110_none_60b5254171f9507e\COMCTL32.dll
0x00007ffa1a050000 - 0x00007ffa1a072000 	C:\WINDOWS\System32\win32u.dll
0x00007ffa1b730000 - 0x00007ffa1b75a000 	C:\WINDOWS\System32\GDI32.dll
0x00007ffa1a8d0000 - 0x00007ffa1a96e000 	C:\WINDOWS\System32\msvcrt.dll
0x00007ffa1a4e0000 - 0x00007ffa1a5eb000 	C:\WINDOWS\System32\gdi32full.dll
0x00007ffa19db0000 - 0x00007ffa19e4d000 	C:\WINDOWS\System32\msvcp_win.dll
0x00007ffa1bae0000 - 0x00007ffa1bb10000 	C:\WINDOWS\System32\IMM32.DLL
0x00007ffa14680000 - 0x00007ffa1468c000 	C:\devtool\eclipse-jee-2021-06-R-win32-x86_64\eclipse\plugins\org.eclipse.justj.openjdk.hotspot.jre.full.win32.x86_64_16.0.1.v20210528-1205\jre\bin\vcruntime140_1.dll
0x00007ff9e7e80000 - 0x00007ff9e7f11000 	C:\devtool\eclipse-jee-2021-06-R-win32-x86_64\eclipse\plugins\org.eclipse.justj.openjdk.hotspot.jre.full.win32.x86_64_16.0.1.v20210528-1205\jre\bin\msvcp140.dll
0x00007ff9dd560000 - 0x00007ff9de10b000 	C:\devtool\eclipse-jee-2021-06-R-win32-x86_64\eclipse\plugins\org.eclipse.justj.openjdk.hotspot.jre.full.win32.x86_64_16.0.1.v20210528-1205\jre\bin\server\jvm.dll
0x00007ffa1c110000 - 0x00007ffa1c1be000 	C:\WINDOWS\System32\ADVAPI32.dll
0x00007ffa1b840000 - 0x00007ffa1b8dc000 	C:\WINDOWS\System32\sechost.dll
0x00007ffa1c420000 - 0x00007ffa1c545000 	C:\WINDOWS\System32\RPCRT4.dll
0x00007ffa1c410000 - 0x00007ffa1c418000 	C:\WINDOWS\System32\PSAPI.DLL
0x00007ffa0b010000 - 0x00007ffa0b019000 	C:\WINDOWS\SYSTEM32\WSOCK32.dll
0x00007ffa1b7d0000 - 0x00007ffa1b83b000 	C:\WINDOWS\System32\WS2_32.dll
0x00007ffa11940000 - 0x00007ffa1194a000 	C:\WINDOWS\SYSTEM32\VERSION.dll
0x00007ffa0d2c0000 - 0x00007ffa0d2e7000 	C:\WINDOWS\SYSTEM32\WINMM.dll
0x00007ffa18540000 - 0x00007ffa18552000 	C:\WINDOWS\SYSTEM32\kernel.appcore.dll
0x00007ffa134a0000 - 0x00007ffa134aa000 	C:\devtool\eclipse-jee-2021-06-R-win32-x86_64\eclipse\plugins\org.eclipse.justj.openjdk.hotspot.jre.full.win32.x86_64_16.0.1.v20210528-1205\jre\bin\jimage.dll
0x00007ffa17ac0000 - 0x00007ffa17ca4000 	C:\WINDOWS\SYSTEM32\DBGHELP.DLL
0x00007ffa124c0000 - 0x00007ffa124ec000 	C:\WINDOWS\SYSTEM32\dbgcore.DLL
0x00007ffa1a080000 - 0x00007ffa1a102000 	C:\WINDOWS\System32\bcryptPrimitives.dll
0x00007ff9f98a0000 - 0x00007ff9f98c5000 	C:\devtool\eclipse-jee-2021-06-R-win32-x86_64\eclipse\plugins\org.eclipse.justj.openjdk.hotspot.jre.full.win32.x86_64_16.0.1.v20210528-1205\jre\bin\java.dll

dbghelp: loaded successfully - version: 4.0.5 - missing functions: none
symbol engine: initialized successfully - sym options: 0x614 - pdb path: .;C:\devtool\eclipse-jee-2021-06-R-win32-x86_64\eclipse\plugins\org.eclipse.justj.openjdk.hotspot.jre.full.win32.x86_64_16.0.1.v20210528-1205\jre\bin;C:\WINDOWS\SYSTEM32;C:\WINDOWS\WinSxS\amd64_microsoft.windows.common-controls_6595b64144ccf1df_6.0.19041.1110_none_60b5254171f9507e;C:\devtool\eclipse-jee-2021-06-R-win32-x86_64\eclipse\plugins\org.eclipse.justj.openjdk.hotspot.jre.full.win32.x86_64_16.0.1.v20210528-1205\jre\bin\server

VM Arguments:
jvm_args: -Dfile.encoding=MS949 -XX:+ShowCodeDetailsInExceptionMessages 
java_command: com.ysh.swingproject.MenuEx
java_class_path (initial): C:\webworkspace\Project\bin
Launcher Type: SUN_STANDARD

[Global flags]
     intx CICompilerCount                          = 3                                         {product} {ergonomic}
     uint ConcGCThreads                            = 1                                         {product} {ergonomic}
     uint G1ConcRefinementThreads                  = 4                                         {product} {ergonomic}
   size_t G1HeapRegionSize                         = 1048576                                   {product} {ergonomic}
    uintx GCDrainStackTargetSize                   = 64                                        {product} {ergonomic}
   size_t InitialHeapSize                          = 65011712                                  {product} {ergonomic}
   size_t MarkStackSize                            = 4194304                                   {product} {ergonomic}
   size_t MaxHeapSize                              = 1027604480                                {product} {ergonomic}
   size_t MinHeapDeltaBytes                        = 1048576                                   {product} {ergonomic}
   size_t MinHeapSize                              = 8388608                                   {product} {ergonomic}
    uintx NonNMethodCodeHeapSize                   = 5832780                                {pd product} {ergonomic}
    uintx NonProfiledCodeHeapSize                  = 122912730                              {pd product} {ergonomic}
    uintx ProfiledCodeHeapSize                     = 122912730                              {pd product} {ergonomic}
    uintx ReservedCodeCacheSize                    = 251658240                              {pd product} {ergonomic}
     bool SegmentedCodeCache                       = true                                      {product} {ergonomic}
     bool ShowCodeDetailsInExceptionMessages       = true                                   {manageable} {command line}
   size_t SoftMaxHeapSize                          = 1027604480                             {manageable} {ergonomic}
     bool UseCompressedClassPointers               = true                           {product lp64_product} {ergonomic}
     bool UseCompressedOops                        = true                           {product lp64_product} {ergonomic}
     bool UseG1GC                                  = true                                      {product} {ergonomic}
     bool UseLargePagesIndividualAllocation        = false                                  {pd product} {ergonomic}

Logging:
Log output configuration:
 #0: stdout all=warning uptime,level,tags
 #1: stderr all=off uptime,level,tags

Environment Variables:
JAVA_HOME=C:\Program Files\Java\jdk1.8.0_331\bin
PATH=C:/devtool/eclipse-jee-2021-06-R-win32-x86_64/eclipse//plugins/org.eclipse.justj.openjdk.hotspot.jre.full.win32.x86_64_16.0.1.v20210528-1205/jre/bin/server;C:/devtool/eclipse-jee-2021-06-R-win32-x86_64/eclipse//plugins/org.eclipse.justj.openjdk.hotspot.jre.full.win32.x86_64_16.0.1.v20210528-1205/jre/bin;C:\app\yeums\product\11.2.0\dbhome_1\bin;C:\Program Files (x86)\Common Files\Oracle\Java\javapath;C:\WINDOWS\system32;C:\WINDOWS;C:\WINDOWS\System32\Wbem;C:\WINDOWS\System32\WindowsPowerShell\v1.0\;C:\WINDOWS\System32\OpenSSH\;C:\Program Files\Java\jdk1.8.0_331\bin;C:\Program Files\Git\cmd;C:\Users\yeums\AppData\Local\Microsoft\WindowsApps;;C:\Users\yeums\AppData\Local\Programs\Microsoft VS Code\bin;C:\devtool\eclipse-jee-2021-06-R-win32-x86_64\eclipse;
USERNAME=yeums
OS=Windows_NT
PROCESSOR_IDENTIFIER=Intel64 Family 6 Model 122 Stepping 1, GenuineIntel



---------------  S Y S T E M  ---------------

OS:
 Windows 10 , 64 bit Build 19041 (10.0.19041.1741)
OS uptime: 6 days 11:59 hours

CPU: total 4 (initial active 4) (4 cores per cpu, 1 threads per core) family 6 model 122 stepping 1 microcode 0x2e, cx8, cmov, fxsr, mmx, 3dnowpref, sse, sse2, sse3, ssse3, sse4.1, sse4.2, popcnt, tsc, tscinvbit, aes, erms, clmul, sha, clflush, clflushopt

Memory: 4k page, system-wide physical 3916M (434M free)
TotalPageFile size 15692M (AvailPageFile size 64M)
current process WorkingSet (physical memory assigned to process): 10M, peak: 10M
current process commit charge ("private bytes"): 51M, peak: 113M

vm_info: OpenJDK 64-Bit Server VM (16.0.1+9-24) for windows-amd64 JRE (16.0.1+9-24), built on Mar 26 2021 19:30:07 by "mach5one" with MS VC++ 16.7 (VS2019)

END.
