#
# There is insufficient memory for the Java Runtime Environment to continue.
# Native memory allocation (mmap) failed to map 65011712 bytes for G1 virtual space
# Possible reasons:
#   The system is out of physical RAM or swap space
#   The process is running with CompressedOops enabled, and the Java Heap may be blocking the growth of the native heap
# Possible solutions:
#   Reduce memory load on the system
#   Increase physical memory or swap space
#   Check if swap backing store is full
#   Decrease Java heap size (-Xmx/-Xms)
#   Decrease number of Java threads
#   Decrease Java thread stack sizes (-Xss)
#   Set larger code cache with -XX:ReservedCodeCacheSize=
#   JVM is running with Unscaled Compressed Oops mode in which the Java heap is
#     placed in the first 4GB address space. The Java Heap base address is the
#     maximum limit for the native heap growth. Please use -XX:HeapBaseMinAddress
#     to set the Java Heap base and to place the Java Heap above 4GB virtual address.
# This output file may be truncated or incomplete.
#
#  Out of Memory Error (os_windows.cpp:3466), pid=16676, tid=11456
#
# JRE version:  (16.0.1+9) (build )
# Java VM: OpenJDK 64-Bit Server VM (16.0.1+9-24, mixed mode, sharing, tiered, compressed oops, compressed class ptrs, g1 gc, windows-amd64)
# No core dump will be written. Minidumps are not enabled by default on client versions of Windows
#

---------------  S U M M A R Y ------------

Command Line: -Dfile.encoding=MS949 -XX:+ShowCodeDetailsInExceptionMessages com.ysh.swingproject.MenuEx

Host: Intel(R) Celeron(R) N4100 CPU @ 1.10GHz, 4 cores, 3G,  Windows 10 , 64 bit Build 19041 (10.0.19041.1741)
Time: Mon Jul 25 19:49:10 2022  Windows 10 , 64 bit Build 19041 (10.0.19041.1741) elapsed time: 0.024596 seconds (0d 0h 0m 0s)

---------------  T H R E A D  ---------------

Current thread (0x000002b4a6e39c60):  JavaThread "Unknown thread" [_thread_in_vm, id=11456, stack(0x000000f670e00000,0x000000f670f00000)]

Stack: [0x000000f670e00000,0x000000f670f00000]
Native frames: (J=compiled Java code, j=interpreted, Vv=VM code, C=native code)
V  [jvm.dll+0x6687ca]
V  [jvm.dll+0x7ca3c9]
V  [jvm.dll+0x7cbb53]
V  [jvm.dll+0x7cc1b3]
V  [jvm.dll+0x242ea5]
V  [jvm.dll+0x665589]
V  [jvm.dll+0x65a175]
V  [jvm.dll+0x2fc5ab]
V  [jvm.dll+0x3037a6]
V  [jvm.dll+0x352fee]
V  [jvm.dll+0x35321f]
V  [jvm.dll+0x2d3618]
V  [jvm.dll+0x2d4854]
V  [jvm.dll+0x79ccb1]
V  [jvm.dll+0x360de1]
V  [jvm.dll+0x77a990]
V  [jvm.dll+0x3e55af]
V  [jvm.dll+0x3e7081]
C  [jli.dll+0x52fb]
C  [ucrtbase.dll+0x21bb2]
C  [KERNEL32.DLL+0x17034]
C  [ntdll.dll+0x52651]


---------------  P R O C E S S  ---------------

Threads class SMR info:
_java_thread_list=0x00007ffd7219cbb8, length=0, elements={
}

Java Threads: ( => current thread )

Other Threads:
  0x000002b4a6e69a50 GCTaskThread "GC Thread#0" [stack: 0x000000f670f00000,0x000000f671000000] [id=15812]
  0x000002b4a6e73dc0 ConcurrentGCThread "G1 Main Marker" [stack: 0x000000f671000000,0x000000f671100000] [id=4440]
  0x000002b4a6e748b0 ConcurrentGCThread "G1 Conc#0" [stack: 0x000000f671100000,0x000000f671200000] [id=16252]

[error occurred during error reporting (printing all threads), id 0xc0000005, EXCEPTION_ACCESS_VIOLATION (0xc0000005) at pc=0x00007ffd719744d7]

VM state: not at safepoint (not fully initialized)

VM Mutex/Monitor currently owned by a thread:  ([mutex/lock_event])
[0x000002b4a6e35500] Heap_lock - owner thread: 0x000002b4a6e39c60

Heap address: 0x00000000c2c00000, size: 980 MB, Compressed Oops mode: 32-bit

CDS archive(s) mapped at: [0x0000000000000000-0x0000000000000000-0x0000000000000000), size 0, SharedBaseAddress: 0x0000000800000000, ArchiveRelocationMode: 0.
Narrow klass base: 0x0000000000000000, Narrow klass shift: 0, Narrow klass range: 0x0

GC Precious Log:
<Empty>

Heap:
 garbage-first heap   total 0K, used 0K [0x00000000c2c00000, 0x0000000100000000)
  region size 1024K, 0 young (0K), 0 survivors (0K)

[error occurred during error reporting (printing heap information), id 0xc0000005, EXCEPTION_ACCESS_VIOLATION (0xc0000005) at pc=0x00007ffd71d524ed]

GC Heap History (0 events):
No events

Deoptimization events (0 events):
No events

Classes unloaded (0 events):
No events

Classes redefined (0 events):
No events

Internal exceptions (0 events):
No events

Events (1 events):
Event: 0.014 Loaded shared library C:\devtool\eclipse-jee-2021-06-R-win32-x86_64\eclipse\plugins\org.eclipse.justj.openjdk.hotspot.jre.full.win32.x86_64_16.0.1.v20210528-1205\jre\bin\java.dll


Dynamic libraries:
0x00007ff6078a0000 - 0x00007ff6078ae000 	C:\devtool\eclipse-jee-2021-06-R-win32-x86_64\eclipse\plugins\org.eclipse.justj.openjdk.hotspot.jre.full.win32.x86_64_16.0.1.v20210528-1205\jre\bin\javaw.exe
0x00007ffdb5c10000 - 0x00007ffdb5e07000 	C:\WINDOWS\SYSTEM32\ntdll.dll
0x00007ffdb4740000 - 0x00007ffdb47fd000 	C:\WINDOWS\System32\KERNEL32.DLL
0x00007ffdb36b0000 - 0x00007ffdb397d000 	C:\WINDOWS\System32\KERNELBASE.dll
0x00007ffdb3ae0000 - 0x00007ffdb3be0000 	C:\WINDOWS\System32\ucrtbase.dll
0x00007ffdb12d0000 - 0x00007ffdb12e8000 	C:\devtool\eclipse-jee-2021-06-R-win32-x86_64\eclipse\plugins\org.eclipse.justj.openjdk.hotspot.jre.full.win32.x86_64_16.0.1.v20210528-1205\jre\bin\jli.dll
0x00007ffdaabf0000 - 0x00007ffdaac09000 	C:\devtool\eclipse-jee-2021-06-R-win32-x86_64\eclipse\plugins\org.eclipse.justj.openjdk.hotspot.jre.full.win32.x86_64_16.0.1.v20210528-1205\jre\bin\VCRUNTIME140.dll
0x00007ffdb4020000 - 0x00007ffdb41c0000 	C:\WINDOWS\System32\USER32.dll
0x00007ffdb33e0000 - 0x00007ffdb3402000 	C:\WINDOWS\System32\win32u.dll
0x00007ffd9ad60000 - 0x00007ffd9affa000 	C:\WINDOWS\WinSxS\amd64_microsoft.windows.common-controls_6595b64144ccf1df_6.0.19041.1110_none_60b5254171f9507e\COMCTL32.dll
0x00007ffdb41c0000 - 0x00007ffdb41ea000 	C:\WINDOWS\System32\GDI32.dll
0x00007ffdb5ac0000 - 0x00007ffdb5b5e000 	C:\WINDOWS\System32\msvcrt.dll
0x00007ffdb3530000 - 0x00007ffdb363b000 	C:\WINDOWS\System32\gdi32full.dll
0x00007ffdb3410000 - 0x00007ffdb34ad000 	C:\WINDOWS\System32\msvcp_win.dll
0x00007ffdb4860000 - 0x00007ffdb4890000 	C:\WINDOWS\System32\IMM32.DLL
0x00007ffdab620000 - 0x00007ffdab62c000 	C:\devtool\eclipse-jee-2021-06-R-win32-x86_64\eclipse\plugins\org.eclipse.justj.openjdk.hotspot.jre.full.win32.x86_64_16.0.1.v20210528-1205\jre\bin\vcruntime140_1.dll
0x00007ffd99750000 - 0x00007ffd997e1000 	C:\devtool\eclipse-jee-2021-06-R-win32-x86_64\eclipse\plugins\org.eclipse.justj.openjdk.hotspot.jre.full.win32.x86_64_16.0.1.v20210528-1205\jre\bin\msvcp140.dll
0x00007ffd71690000 - 0x00007ffd7223b000 	C:\devtool\eclipse-jee-2021-06-R-win32-x86_64\eclipse\plugins\org.eclipse.justj.openjdk.hotspot.jre.full.win32.x86_64_16.0.1.v20210528-1205\jre\bin\server\jvm.dll
0x00007ffdb4c90000 - 0x00007ffdb4d3e000 	C:\WINDOWS\System32\ADVAPI32.dll
0x00007ffdb49c0000 - 0x00007ffdb4a5c000 	C:\WINDOWS\System32\sechost.dll
0x00007ffdb4890000 - 0x00007ffdb49b5000 	C:\WINDOWS\System32\RPCRT4.dll
0x00007ffdb5b60000 - 0x00007ffdb5b68000 	C:\WINDOWS\System32\PSAPI.DLL
0x00007ffd9b620000 - 0x00007ffd9b629000 	C:\WINDOWS\SYSTEM32\WSOCK32.dll
0x00007ffd9b000000 - 0x00007ffd9b027000 	C:\WINDOWS\SYSTEM32\WINMM.dll
0x00007ffdb4a60000 - 0x00007ffdb4acb000 	C:\WINDOWS\System32\WS2_32.dll
0x00007ffda6c90000 - 0x00007ffda6c9a000 	C:\WINDOWS\SYSTEM32\VERSION.dll
0x00007ffdb0ee0000 - 0x00007ffdb0ef2000 	C:\WINDOWS\SYSTEM32\kernel.appcore.dll
0x00007ffd9f640000 - 0x00007ffd9f64a000 	C:\devtool\eclipse-jee-2021-06-R-win32-x86_64\eclipse\plugins\org.eclipse.justj.openjdk.hotspot.jre.full.win32.x86_64_16.0.1.v20210528-1205\jre\bin\jimage.dll
0x00007ffdb2cc0000 - 0x00007ffdb2ea4000 	C:\WINDOWS\SYSTEM32\DBGHELP.DLL
0x00007ffdb2af0000 - 0x00007ffdb2b1c000 	C:\WINDOWS\SYSTEM32\dbgcore.DLL
0x00007ffdb3be0000 - 0x00007ffdb3c62000 	C:\WINDOWS\System32\bcryptPrimitives.dll
0x00007ffd7d090000 - 0x00007ffd7d0b5000 	C:\devtool\eclipse-jee-2021-06-R-win32-x86_64\eclipse\plugins\org.eclipse.justj.openjdk.hotspot.jre.full.win32.x86_64_16.0.1.v20210528-1205\jre\bin\java.dll

dbghelp: loaded successfully - version: 4.0.5 - missing functions: none
symbol engine: initialized successfully - sym options: 0x614 - pdb path: .;C:\devtool\eclipse-jee-2021-06-R-win32-x86_64\eclipse\plugins\org.eclipse.justj.openjdk.hotspot.jre.full.win32.x86_64_16.0.1.v20210528-1205\jre\bin;C:\WINDOWS\SYSTEM32;C:\WINDOWS\WinSxS\amd64_microsoft.windows.common-controls_6595b64144ccf1df_6.0.19041.1110_none_60b5254171f9507e;C:\devtool\eclipse-jee-2021-06-R-win32-x86_64\eclipse\plugins\org.eclipse.justj.openjdk.hotspot.jre.full.win32.x86_64_16.0.1.v20210528-1205\jre\bin\server

VM Arguments:
jvm_args: -Dfile.encoding=MS949 -XX:+ShowCodeDetailsInExceptionMessages 
java_command: com.ysh.swingproject.MenuEx
java_class_path (initial): C:\webworkspace\Project\bin
Launcher Type: SUN_STANDARD

[Global flags]
     intx CICompilerCount                          = 3                                         {product} {ergonomic}
     uint ConcGCThreads                            = 1                                         {product} {ergonomic}
     uint G1ConcRefinementThreads                  = 4                                         {product} {ergonomic}
   size_t G1HeapRegionSize                         = 1048576                                   {product} {ergonomic}
    uintx GCDrainStackTargetSize                   = 64                                        {product} {ergonomic}
   size_t InitialHeapSize                          = 65011712                                  {product} {ergonomic}
   size_t MarkStackSize                            = 4194304                                   {product} {ergonomic}
   size_t MaxHeapSize                              = 1027604480                                {product} {ergonomic}
   size_t MinHeapDeltaBytes                        = 1048576                                   {product} {ergonomic}
   size_t MinHeapSize                              = 8388608                                   {product} {ergonomic}
    uintx NonNMethodCodeHeapSize                   = 5832780                                {pd product} {ergonomic}
    uintx NonProfiledCodeHeapSize                  = 122912730                              {pd product} {ergonomic}
    uintx ProfiledCodeHeapSize                     = 122912730                              {pd product} {ergonomic}
    uintx ReservedCodeCacheSize                    = 251658240                              {pd product} {ergonomic}
     bool SegmentedCodeCache                       = true                                      {product} {ergonomic}
     bool ShowCodeDetailsInExceptionMessages       = true                                   {manageable} {command line}
   size_t SoftMaxHeapSize                          = 1027604480                             {manageable} {ergonomic}
     bool UseCompressedClassPointers               = true                           {product lp64_product} {ergonomic}
     bool UseCompressedOops                        = true                           {product lp64_product} {ergonomic}
     bool UseG1GC                                  = true                                      {product} {ergonomic}
     bool UseLargePagesIndividualAllocation        = false                                  {pd product} {ergonomic}

Logging:
Log output configuration:
 #0: stdout all=warning uptime,level,tags
 #1: stderr all=off uptime,level,tags

Environment Variables:
JAVA_HOME=C:\Program Files\Java\jdk1.8.0_331\bin
PATH=C:/devtool/eclipse-jee-2021-06-R-win32-x86_64/eclipse//plugins/org.eclipse.justj.openjdk.hotspot.jre.full.win32.x86_64_16.0.1.v20210528-1205/jre/bin/server;C:/devtool/eclipse-jee-2021-06-R-win32-x86_64/eclipse//plugins/org.eclipse.justj.openjdk.hotspot.jre.full.win32.x86_64_16.0.1.v20210528-1205/jre/bin;C:\app\yeums\product\11.2.0\dbhome_1\bin;C:\Program Files (x86)\Common Files\Oracle\Java\javapath;C:\WINDOWS\system32;C:\WINDOWS;C:\WINDOWS\System32\Wbem;C:\WINDOWS\System32\WindowsPowerShell\v1.0\;C:\WINDOWS\System32\OpenSSH\;C:\Program Files\Java\jdk1.8.0_331\bin;C:\Program Files\Git\cmd;C:\Users\yeums\AppData\Local\Microsoft\WindowsApps;;C:\Users\yeums\AppData\Local\Programs\Microsoft VS Code\bin;C:\devtool\eclipse-jee-2021-06-R-win32-x86_64\eclipse;
USERNAME=yeums
OS=Windows_NT
PROCESSOR_IDENTIFIER=Intel64 Family 6 Model 122 Stepping 1, GenuineIntel



---------------  S Y S T E M  ---------------

OS:
 Windows 10 , 64 bit Build 19041 (10.0.19041.1741)
OS uptime: 1 days 6:51 hours

CPU: total 4 (initial active 4) (4 cores per cpu, 1 threads per core) family 6 model 122 stepping 1 microcode 0x2e, cx8, cmov, fxsr, mmx, 3dnowpref, sse, sse2, sse3, ssse3, sse4.1, sse4.2, popcnt, tsc, tscinvbit, aes, erms, clmul, sha, clflush, clflushopt

Memory: 4k page, system-wide physical 3916M (311M free)
TotalPageFile size 15692M (AvailPageFile size 13M)
current process WorkingSet (physical memory assigned to process): 10M, peak: 10M
current process commit charge ("private bytes"): 51M, peak: 113M

vm_info: OpenJDK 64-Bit Server VM (16.0.1+9-24) for windows-amd64 JRE (16.0.1+9-24), built on Mar 26 2021 19:30:07 by "mach5one" with MS VC++ 16.7 (VS2019)

END.
