#
# There is insufficient memory for the Java Runtime Environment to continue.
# Native memory allocation (mmap) failed to map 3145728 bytes for G1 virtual space
# Possible reasons:
#   The system is out of physical RAM or swap space
#   The process is running with CompressedOops enabled, and the Java Heap may be blocking the growth of the native heap
# Possible solutions:
#   Reduce memory load on the system
#   Increase physical memory or swap space
#   Check if swap backing store is full
#   Decrease Java heap size (-Xmx/-Xms)
#   Decrease number of Java threads
#   Decrease Java thread stack sizes (-Xss)
#   Set larger code cache with -XX:ReservedCodeCacheSize=
#   JVM is running with Unscaled Compressed Oops mode in which the Java heap is
#     placed in the first 4GB address space. The Java Heap base address is the
#     maximum limit for the native heap growth. Please use -XX:HeapBaseMinAddress
#     to set the Java Heap base and to place the Java Heap above 4GB virtual address.
# This output file may be truncated or incomplete.
#
#  Out of Memory Error (os_windows.cpp:3466), pid=8744, tid=432
#
# JRE version: OpenJDK Runtime Environment (16.0.1+9) (build 16.0.1+9-24)
# Java VM: OpenJDK 64-Bit Server VM (16.0.1+9-24, mixed mode, tiered, compressed oops, compressed class ptrs, g1 gc, windows-amd64)
# No core dump will be written. Minidumps are not enabled by default on client versions of Windows
#

---------------  S U M M A R Y ------------

Command Line: -Dfile.encoding=MS949 -XX:+ShowCodeDetailsInExceptionMessages com.ysh.swingproject.MenuEx

Host: Intel(R) Celeron(R) N4100 CPU @ 1.10GHz, 4 cores, 3G,  Windows 10 , 64 bit Build 19041 (10.0.19041.1741)
Time: Sat Jul 23 18:14:14 2022  Windows 10 , 64 bit Build 19041 (10.0.19041.1741) elapsed time: 1465.669129 seconds (0d 0h 24m 25s)

---------------  T H R E A D  ---------------

Current thread (0x000001f375500c20):  VMThread "VM Thread" [stack: 0x0000000b3b600000,0x0000000b3b700000] [id=432]

Stack: [0x0000000b3b600000,0x0000000b3b700000]
Native frames: (J=compiled Java code, j=interpreted, Vv=VM code, C=native code)
V  [jvm.dll+0x6687ca]
V  [jvm.dll+0x7ca3c9]
V  [jvm.dll+0x7cbb53]
V  [jvm.dll+0x7cc1b3]
V  [jvm.dll+0x242ea5]
V  [jvm.dll+0x665589]
V  [jvm.dll+0x65a175]
V  [jvm.dll+0x2fc5ab]
V  [jvm.dll+0x3037a6]
V  [jvm.dll+0x352fee]
V  [jvm.dll+0x35321f]
V  [jvm.dll+0x2d3618]
V  [jvm.dll+0x2d6b86]
V  [jvm.dll+0x2e1097]
V  [jvm.dll+0x315b40]
V  [jvm.dll+0x7d05eb]
V  [jvm.dll+0x7d12e4]
V  [jvm.dll+0x7d17e9]
V  [jvm.dll+0x7d1aa4]
V  [jvm.dll+0x7d1b70]
V  [jvm.dll+0x779b4a]
V  [jvm.dll+0x667666]
C  [ucrtbase.dll+0x21bb2]
C  [KERNEL32.DLL+0x17034]
C  [ntdll.dll+0x52651]

VM_Operation (0x0000000b3b2ff9e0): G1Concurrent, mode: safepoint, requested by thread 0x000001f35c793970


---------------  P R O C E S S  ---------------

Threads class SMR info:
_java_thread_list=0x000001f37654c460, length=16, elements={
0x000001f375515250, 0x000001f375518030, 0x000001f3755434e0, 0x000001f375543ef0,
0x000001f375544800, 0x000001f375576c90, 0x000001f375587a60, 0x000001f375599fb0,
0x000001f3755794f0, 0x000001f376138550, 0x000001f37613dd90, 0x000001f376407390,
0x000001f37643f010, 0x000001f37643f530, 0x000001f37652b080, 0x000001f35c7599c0
}

Java Threads: ( => current thread )
  0x000001f375515250 JavaThread "Reference Handler" daemon [_thread_blocked, id=15952, stack(0x0000000b3b700000,0x0000000b3b800000)]
  0x000001f375518030 JavaThread "Finalizer" daemon [_thread_blocked, id=1704, stack(0x0000000b3b800000,0x0000000b3b900000)]
  0x000001f3755434e0 JavaThread "Signal Dispatcher" daemon [_thread_blocked, id=15960, stack(0x0000000b3b900000,0x0000000b3ba00000)]
  0x000001f375543ef0 JavaThread "Attach Listener" daemon [_thread_blocked, id=8812, stack(0x0000000b3ba00000,0x0000000b3bb00000)]
  0x000001f375544800 JavaThread "Service Thread" daemon [_thread_blocked, id=4052, stack(0x0000000b3bb00000,0x0000000b3bc00000)]
  0x000001f375576c90 JavaThread "Monitor Deflation Thread" daemon [_thread_blocked, id=5460, stack(0x0000000b3bc00000,0x0000000b3bd00000)]
  0x000001f375587a60 JavaThread "C2 CompilerThread0" daemon [_thread_blocked, id=8076, stack(0x0000000b3bd00000,0x0000000b3be00000)]
  0x000001f375599fb0 JavaThread "C1 CompilerThread0" daemon [_thread_blocked, id=15252, stack(0x0000000b3be00000,0x0000000b3bf00000)]
  0x000001f3755794f0 JavaThread "Sweeper thread" daemon [_thread_blocked, id=8160, stack(0x0000000b3bf00000,0x0000000b3c000000)]
  0x000001f376138550 JavaThread "Notification Thread" daemon [_thread_blocked, id=12220, stack(0x0000000b3c000000,0x0000000b3c100000)]
  0x000001f37613dd90 JavaThread "Common-Cleaner" daemon [_thread_blocked, id=16592, stack(0x0000000b3c200000,0x0000000b3c300000)]
  0x000001f376407390 JavaThread "Java2D Disposer" daemon [_thread_blocked, id=7792, stack(0x0000000b3c300000,0x0000000b3c400000)]
  0x000001f37643f010 JavaThread "AWT-Shutdown" [_thread_blocked, id=15720, stack(0x0000000b3c400000,0x0000000b3c500000)]
  0x000001f37643f530 JavaThread "AWT-Windows" daemon [_thread_in_native, id=7772, stack(0x0000000b3c500000,0x0000000b3c600000)]
  0x000001f37652b080 JavaThread "AWT-EventQueue-0" [_thread_blocked, id=5228, stack(0x0000000b3c600000,0x0000000b3c700000)]
  0x000001f35c7599c0 JavaThread "DestroyJavaVM" [_thread_blocked, id=14156, stack(0x0000000b3b000000,0x0000000b3b100000)]

Other Threads:
=>0x000001f375500c20 VMThread "VM Thread" [stack: 0x0000000b3b600000,0x0000000b3b700000] [id=432]
  0x000001f37613aa80 WatcherThread [stack: 0x0000000b3c100000,0x0000000b3c200000] [id=17320]
  0x000001f35c7896f0 GCTaskThread "GC Thread#0" [stack: 0x0000000b3b100000,0x0000000b3b200000] [id=13836]
  0x000001f376bfec70 GCTaskThread "GC Thread#1" [stack: 0x0000000b3ca00000,0x0000000b3cb00000] [id=8488]
  0x000001f3767f4ff0 GCTaskThread "GC Thread#2" [stack: 0x0000000b3cb00000,0x0000000b3cc00000] [id=3932]
  0x000001f3767f5300 GCTaskThread "GC Thread#3" [stack: 0x0000000b3cc00000,0x0000000b3cd00000] [id=2404]
  0x000001f35c793970 ConcurrentGCThread "G1 Main Marker" [stack: 0x0000000b3b200000,0x0000000b3b300000] [id=2452]
  0x000001f35c794370 ConcurrentGCThread "G1 Conc#0" [stack: 0x0000000b3b300000,0x0000000b3b400000] [id=11396]
  0x000001f35c7d6000 ConcurrentGCThread "G1 Refine#0" [stack: 0x0000000b3b400000,0x0000000b3b500000] [id=12096]
  0x000001f35c7d6a10 ConcurrentGCThread "G1 Service" [stack: 0x0000000b3b500000,0x0000000b3b600000] [id=9756]

Threads with active compile tasks:
C2 CompilerThread0  1465861 1889       4       sun.util.logging.PlatformLogger::isLoggable (23 bytes)
C1 CompilerThread0  1465861 1890       3       sun.awt.image.VolatileSurfaceManager::displayChanged (102 bytes)

VM state: at safepoint (normal execution)

VM Mutex/Monitor currently owned by a thread:  ([mutex/lock_event])
[0x000001f35c756110] Threads_lock - owner thread: 0x000001f375500c20
[0x000001f35c756470] Heap_lock - owner thread: 0x000001f35c793970

Heap address: 0x00000000c2c00000, size: 980 MB, Compressed Oops mode: 32-bit

CDS disabled.
Compressed class space mapped at: 0x0000000100000000-0x0000000140000000, reserved size: 1073741824
Narrow klass base: 0x0000000000000000, Narrow klass shift: 3, Narrow klass range: 0x140000000

GC Precious Log:
 CPUs: 4 total, 4 available
 Memory: 3916M
 Large Page Support: Disabled
 NUMA Support: Disabled
 Compressed Oops: Enabled (32-bit)
 Heap Region Size: 1M
 Heap Min Capacity: 8M
 Heap Initial Capacity: 62M
 Heap Max Capacity: 980M
 Pre-touch: Disabled
 Parallel Workers: 4
 Concurrent Workers: 1
 Concurrent Refinement Workers: 4
 Periodic GC: Disabled

Heap:
 garbage-first heap   total 63488K, used 38040K [0x00000000c2c00000, 0x0000000100000000)
  region size 1024K, 4 young (4096K), 3 survivors (3072K)
 Metaspace       used 16046K, committed 16320K, reserved 1064960K
  class space    used 1582K, committed 1728K, reserved 1048576K

Heap Regions: E=young(eden), S=young(survivor), O=old, HS=humongous(starts), HC=humongous(continues), CS=collection set, F=free, OA=open archive, CA=closed archive, TAMS=top-at-mark-start (previous, next)
|   0|0x00000000c2c00000, 0x00000000c2d00000, 0x00000000c2d00000|100%| O|  |TAMS 0x00000000c2d00000, 0x00000000c2c00000| Updating 
|   1|0x00000000c2d00000, 0x00000000c2e00000, 0x00000000c2e00000|100%| O|  |TAMS 0x00000000c2d24200, 0x00000000c2d00000| Untracked 
|   2|0x00000000c2e00000, 0x00000000c2f00000, 0x00000000c2f00000|100%|HS|  |TAMS 0x00000000c2f00000, 0x00000000c2e00000| Complete 
|   3|0x00000000c2f00000, 0x00000000c3000000, 0x00000000c3000000|100%|HC|  |TAMS 0x00000000c3000000, 0x00000000c2f00000| Complete 
|   4|0x00000000c3000000, 0x00000000c3100000, 0x00000000c3100000|100%|HC|  |TAMS 0x00000000c3100000, 0x00000000c3000000| Complete 
|   5|0x00000000c3100000, 0x00000000c3200000, 0x00000000c3200000|100%|HC|  |TAMS 0x00000000c3200000, 0x00000000c3100000| Complete 
|   6|0x00000000c3200000, 0x00000000c3300000, 0x00000000c3300000|100%|HC|  |TAMS 0x00000000c3300000, 0x00000000c3200000| Complete 
|   7|0x00000000c3300000, 0x00000000c3400000, 0x00000000c3400000|100%|HC|  |TAMS 0x00000000c3400000, 0x00000000c3300000| Complete 
|   8|0x00000000c3400000, 0x00000000c3500000, 0x00000000c3500000|100%|HS|  |TAMS 0x00000000c3500000, 0x00000000c3400000| Complete 
|   9|0x00000000c3500000, 0x00000000c3600000, 0x00000000c3600000|100%|HC|  |TAMS 0x00000000c3600000, 0x00000000c3500000| Complete 
|  10|0x00000000c3600000, 0x00000000c3700000, 0x00000000c3700000|100%|HC|  |TAMS 0x00000000c3700000, 0x00000000c3600000| Complete 
|  11|0x00000000c3700000, 0x00000000c3800000, 0x00000000c3800000|100%|HC|  |TAMS 0x00000000c3800000, 0x00000000c3700000| Complete 
|  12|0x00000000c3800000, 0x00000000c3900000, 0x00000000c3900000|100%|HC|  |TAMS 0x00000000c3900000, 0x00000000c3800000| Complete 
|  13|0x00000000c3900000, 0x00000000c3a00000, 0x00000000c3a00000|100%|HC|  |TAMS 0x00000000c3a00000, 0x00000000c3900000| Complete 
|  14|0x00000000c3a00000, 0x00000000c3b00000, 0x00000000c3b00000|100%|HC|  |TAMS 0x00000000c3b00000, 0x00000000c3a00000| Complete 
|  15|0x00000000c3b00000, 0x00000000c3c00000, 0x00000000c3c00000|100%|HC|  |TAMS 0x00000000c3c00000, 0x00000000c3b00000| Complete 
|  16|0x00000000c3c00000, 0x00000000c3d00000, 0x00000000c3d00000|100%| O|  |TAMS 0x00000000c3c00000, 0x00000000c3c00000| Untracked 
|  17|0x00000000c3d00000, 0x00000000c3e00000, 0x00000000c3e00000|100%| O|  |TAMS 0x00000000c3d00000, 0x00000000c3d00000| Untracked 
|  18|0x00000000c3e00000, 0x00000000c3f00000, 0x00000000c3f00000|100%|HS|  |TAMS 0x00000000c3f00000, 0x00000000c3e00000| Complete 
|  19|0x00000000c3f00000, 0x00000000c4000000, 0x00000000c4000000|100%|HC|  |TAMS 0x00000000c4000000, 0x00000000c3f00000| Complete 
|  20|0x00000000c4000000, 0x00000000c4100000, 0x00000000c4100000|100%|HC|  |TAMS 0x00000000c4100000, 0x00000000c4000000| Complete 
|  21|0x00000000c4100000, 0x00000000c4200000, 0x00000000c4200000|100%|HC|  |TAMS 0x00000000c4200000, 0x00000000c4100000| Complete 
|  22|0x00000000c4200000, 0x00000000c4300000, 0x00000000c4300000|100%|HC|  |TAMS 0x00000000c4300000, 0x00000000c4200000| Complete 
|  23|0x00000000c4300000, 0x00000000c4400000, 0x00000000c4400000|100%| O|  |TAMS 0x00000000c4400000, 0x00000000c4300000| Updating 
|  24|0x00000000c4400000, 0x00000000c4500000, 0x00000000c4500000|100%|HS|  |TAMS 0x00000000c4500000, 0x00000000c4400000| Complete 
|  25|0x00000000c4500000, 0x00000000c4600000, 0x00000000c4600000|100%|HC|  |TAMS 0x00000000c4600000, 0x00000000c4500000| Complete 
|  26|0x00000000c4600000, 0x00000000c4700000, 0x00000000c4700000|100%|HC|  |TAMS 0x00000000c4700000, 0x00000000c4600000| Complete 
|  27|0x00000000c4700000, 0x00000000c4800000, 0x00000000c4800000|100%|HC|  |TAMS 0x00000000c4800000, 0x00000000c4700000| Complete 
|  28|0x00000000c4800000, 0x00000000c4900000, 0x00000000c4900000|100%|HC|  |TAMS 0x00000000c4900000, 0x00000000c4800000| Complete 
|  29|0x00000000c4900000, 0x00000000c4a00000, 0x00000000c4a00000|100%| O|  |TAMS 0x00000000c4900000, 0x00000000c4900000| Untracked 
|  30|0x00000000c4a00000, 0x00000000c4a26200, 0x00000000c4b00000| 14%| O|  |TAMS 0x00000000c4a00000, 0x00000000c4a00000| Updating 
|  31|0x00000000c4b00000, 0x00000000c4c00000, 0x00000000c4c00000|100%|HS|  |TAMS 0x00000000c4b00000, 0x00000000c4b00000| Complete 
|  32|0x00000000c4c00000, 0x00000000c4d00000, 0x00000000c4d00000|100%|HC|  |TAMS 0x00000000c4c00000, 0x00000000c4c00000| Complete 
|  33|0x00000000c4d00000, 0x00000000c4e00000, 0x00000000c4e00000|100%|HC|  |TAMS 0x00000000c4d00000, 0x00000000c4d00000| Complete 
|  34|0x00000000c4e00000, 0x00000000c4f00000, 0x00000000c4f00000|100%|HC|  |TAMS 0x00000000c4e00000, 0x00000000c4e00000| Complete 
|  35|0x00000000c4f00000, 0x00000000c4f00000, 0x00000000c5000000|  0%| F|  |TAMS 0x00000000c4f00000, 0x00000000c4f00000| Untracked 
|  36|0x00000000c5000000, 0x00000000c5000000, 0x00000000c5100000|  0%| F|  |TAMS 0x00000000c5000000, 0x00000000c5000000| Untracked 
|  37|0x00000000c5100000, 0x00000000c5100000, 0x00000000c5200000|  0%| F|  |TAMS 0x00000000c5100000, 0x00000000c5100000| Untracked 
|  38|0x00000000c5200000, 0x00000000c5200000, 0x00000000c5300000|  0%| F|  |TAMS 0x00000000c5200000, 0x00000000c5200000| Untracked 
|  39|0x00000000c5300000, 0x00000000c5300000, 0x00000000c5400000|  0%| F|  |TAMS 0x00000000c5300000, 0x00000000c5300000| Untracked 
|  40|0x00000000c5400000, 0x00000000c5400000, 0x00000000c5500000|  0%| F|  |TAMS 0x00000000c5400000, 0x00000000c5400000| Untracked 
|  41|0x00000000c5500000, 0x00000000c5600000, 0x00000000c5600000|100%| S|CS|TAMS 0x00000000c5500000, 0x00000000c5500000| Complete 
|  42|0x00000000c5600000, 0x00000000c5700000, 0x00000000c5700000|100%| S|CS|TAMS 0x00000000c5600000, 0x00000000c5600000| Complete 
|  43|0x00000000c5700000, 0x00000000c5800000, 0x00000000c5800000|100%| S|CS|TAMS 0x00000000c5700000, 0x00000000c5700000| Complete 
|  44|0x00000000c5800000, 0x00000000c5800000, 0x00000000c5900000|  0%| F|  |TAMS 0x00000000c5800000, 0x00000000c5800000| Untracked 
|  45|0x00000000c5900000, 0x00000000c5900000, 0x00000000c5a00000|  0%| F|  |TAMS 0x00000000c5900000, 0x00000000c5900000| Untracked 
|  46|0x00000000c5a00000, 0x00000000c5a00000, 0x00000000c5b00000|  0%| F|  |TAMS 0x00000000c5a00000, 0x00000000c5a00000| Untracked 
|  47|0x00000000c5b00000, 0x00000000c5b00000, 0x00000000c5c00000|  0%| F|  |TAMS 0x00000000c5b00000, 0x00000000c5b00000| Untracked 
|  48|0x00000000c5c00000, 0x00000000c5c00000, 0x00000000c5d00000|  0%| F|  |TAMS 0x00000000c5c00000, 0x00000000c5c00000| Untracked 
|  49|0x00000000c5d00000, 0x00000000c5d00000, 0x00000000c5e00000|  0%| F|  |TAMS 0x00000000c5d00000, 0x00000000c5d00000| Untracked 
|  50|0x00000000c5e00000, 0x00000000c5e00000, 0x00000000c5f00000|  0%| F|  |TAMS 0x00000000c5e00000, 0x00000000c5e00000| Untracked 
|  51|0x00000000c5f00000, 0x00000000c5f00000, 0x00000000c6000000|  0%| F|  |TAMS 0x00000000c5f00000, 0x00000000c5f00000| Untracked 
|  52|0x00000000c6000000, 0x00000000c6000000, 0x00000000c6100000|  0%| F|  |TAMS 0x00000000c6000000, 0x00000000c6000000| Untracked 
|  53|0x00000000c6100000, 0x00000000c6100000, 0x00000000c6200000|  0%| F|  |TAMS 0x00000000c6100000, 0x00000000c6100000| Untracked 
|  54|0x00000000c6200000, 0x00000000c6200000, 0x00000000c6300000|  0%| F|  |TAMS 0x00000000c6200000, 0x00000000c6200000| Untracked 
|  55|0x00000000c6300000, 0x00000000c6300000, 0x00000000c6400000|  0%| F|  |TAMS 0x00000000c6300000, 0x00000000c6300000| Untracked 
|  56|0x00000000c6400000, 0x00000000c6400000, 0x00000000c6500000|  0%| F|  |TAMS 0x00000000c6400000, 0x00000000c6400000| Untracked 
|  57|0x00000000c6500000, 0x00000000c6500000, 0x00000000c6600000|  0%| F|  |TAMS 0x00000000c6500000, 0x00000000c6500000| Untracked 
|  58|0x00000000c6600000, 0x00000000c6600000, 0x00000000c6700000|  0%| F|  |TAMS 0x00000000c6600000, 0x00000000c6600000| Untracked 
|  59|0x00000000c6700000, 0x00000000c6700000, 0x00000000c6800000|  0%| F|  |TAMS 0x00000000c6700000, 0x00000000c6700000| Untracked 
|  60|0x00000000c6800000, 0x00000000c6800000, 0x00000000c6900000|  0%| F|  |TAMS 0x00000000c6800000, 0x00000000c6800000| Untracked 
|  61|0x00000000c6900000, 0x00000000c6a00000, 0x00000000c6a00000|100%| E|  |TAMS 0x00000000c6900000, 0x00000000c6900000| Complete 

Card table byte_map: [0x000001f370cc0000,0x000001f370eb0000] _byte_map_base: 0x000001f3706aa000

Marking Bits (Prev, Next): (CMBitMap*) 0x000001f35c78ad40, (CMBitMap*) 0x000001f35c78ad00
 Prev Bits: [0x000001f371ff0000, 0x000001f372f40000)
 Next Bits: [0x000001f3710a0000, 0x000001f371ff0000)

Polling page: 0x000001f361480000

Metaspace:

Usage:
  Non-class:     14.12 MB used.
      Class:      1.55 MB used.
       Both:     15.67 MB used.

Virtual space:
  Non-class space:       16.00 MB reserved,      14.25 MB ( 89%) committed,  2 nodes.
      Class space:        1.00 GB reserved,       1.69 MB ( <1%) committed,  1 nodes.
              Both:        1.02 GB reserved,      15.94 MB (  2%) committed. 

Chunk freelists:
   Non-Class:  1.06 MB
       Class:  2.27 MB
        Both:  3.32 MB

MaxMetaspaceSize: 17179869184.00 GB
CompressedClassSpaceSize: 1.00 GB
 - commit_granule_bytes: 65536.
 - commit_granule_words: 8192.
 - virtual_space_node_default_size: 1048576.
 - enlarge_chunks_in_place: 1.
 - new_chunks_are_fully_committed: 0.
 - uncommit_free_chunks: 1.
 - use_allocation_guard: 0.
 - handle_deallocations: 1.


Internal statistics:

num_allocs_failed_limit: 0.
num_arena_births: 112.
num_arena_deaths: 56.
num_vsnodes_births: 3.
num_vsnodes_deaths: 0.
num_space_committed: 255.
num_space_uncommitted: 0.
num_chunks_returned_to_freelist: 64.
num_chunks_taken_from_freelist: 169.
num_chunk_merges: 23.
num_chunk_splits: 90.
num_chunks_enlarged: 47.
num_purges: 2.

CodeHeap 'non-profiled nmethods': size=120000Kb used=529Kb max_used=529Kb free=119470Kb
 bounds [0x000001f368f70000, 0x000001f3691e0000, 0x000001f3704a0000]
CodeHeap 'profiled nmethods': size=120000Kb used=3478Kb max_used=3478Kb free=116521Kb
 bounds [0x000001f361a40000, 0x000001f361db0000, 0x000001f368f70000]
CodeHeap 'non-nmethods': size=5760Kb used=1267Kb max_used=1284Kb free=4493Kb
 bounds [0x000001f3614a0000, 0x000001f361710000, 0x000001f361a40000]
 total_blobs=2468 nmethods=1887 adapters=494
 compilation: enabled
              stopped_count=0, restarted_count=0
 full_count=0

Compilation events (20 events):
Event: 1465.256 Thread 0x000001f375599fb0 1880       3       java.util.WeakHashMap$HashIterator::hasNext (95 bytes)
Event: 1465.257 Thread 0x000001f375599fb0 nmethod 1880 0x000001f361da1c10 code [0x000001f361da1de0, 0x000001f361da2378]
Event: 1465.257 Thread 0x000001f375599fb0 1881       3       java.util.WeakHashMap$KeyIterator::next (8 bytes)
Event: 1465.258 Thread 0x000001f375599fb0 nmethod 1881 0x000001f361da2510 code [0x000001f361da26e0, 0x000001f361da2a88]
Event: 1465.292 Thread 0x000001f375599fb0 1882       3       java.util.WeakHashMap$HashIterator::nextEntry (81 bytes)
Event: 1465.293 Thread 0x000001f375599fb0 nmethod 1882 0x000001f361da2b90 code [0x000001f361da2d80, 0x000001f361da3248]
Event: 1465.445 Thread 0x000001f375599fb0 1883       3       java.awt.geom.AffineTransform::getScaleInstance (19 bytes)
Event: 1465.471 Thread 0x000001f375599fb0 nmethod 1883 0x000001f361da3390 code [0x000001f361da3540, 0x000001f361da3718]
Event: 1465.471 Thread 0x000001f375599fb0 1884       3       java.awt.geom.AffineTransform::setToScale (66 bytes)
Event: 1465.471 Thread 0x000001f375599fb0 nmethod 1884 0x000001f361da3810 code [0x000001f361da39e0, 0x000001f361da3c58]
Event: 1465.472 Thread 0x000001f375599fb0 1885       3       sun.awt.Win32GraphicsConfig::getDefaultTransform (24 bytes)
Event: 1465.472 Thread 0x000001f375599fb0 nmethod 1885 0x000001f361da3d10 code [0x000001f361da3ec0, 0x000001f361da4128]
Event: 1465.474 Thread 0x000001f375599fb0 1886       3       java.awt.geom.AffineTransform::equals (92 bytes)
Event: 1465.475 Thread 0x000001f375599fb0 nmethod 1886 0x000001f361da4210 code [0x000001f361da43e0, 0x000001f361da49b8]
Event: 1465.557 Thread 0x000001f375599fb0 1887  s    3       java.util.Hashtable::remove (133 bytes)
Event: 1465.558 Thread 0x000001f375599fb0 nmethod 1887 0x000001f361da4a90 code [0x000001f361da4ca0, 0x000001f361da5478]
Event: 1465.558 Thread 0x000001f375599fb0 1888       3       java.lang.ref.ReferenceQueue::remove (6 bytes)
Event: 1465.558 Thread 0x000001f375599fb0 nmethod 1888 0x000001f361da5710 code [0x000001f361da58c0, 0x000001f361da5a88]
Event: 1465.562 Thread 0x000001f375587a60 1889       4       sun.util.logging.PlatformLogger::isLoggable (23 bytes)
Event: 1465.566 Thread 0x000001f375599fb0 1890       3       sun.awt.image.VolatileSurfaceManager::displayChanged (102 bytes)

GC Heap History (6 events):
Event: 4.117 GC heap before
{Heap before GC invocations=0 (full 0):
 garbage-first heap   total 63488K, used 32768K [0x00000000c2c00000, 0x0000000100000000)
  region size 1024K, 10 young (10240K), 0 survivors (0K)
 Metaspace       used 15632K, committed 15872K, reserved 1064960K
  class space    used 1593K, committed 1728K, reserved 1048576K
}
Event: 4.126 GC heap after
{Heap after GC invocations=1 (full 0):
 garbage-first heap   total 63488K, used 21677K [0x00000000c2c00000, 0x0000000100000000)
  region size 1024K, 2 young (2048K), 2 survivors (2048K)
 Metaspace       used 15632K, committed 15872K, reserved 1064960K
  class space    used 1593K, committed 1728K, reserved 1048576K
}
Event: 4.208 GC heap before
{Heap before GC invocations=1 (full 0):
 garbage-first heap   total 63488K, used 27821K [0x00000000c2c00000, 0x0000000100000000)
  region size 1024K, 4 young (4096K), 2 survivors (2048K)
 Metaspace       used 15656K, committed 15872K, reserved 1064960K
  class space    used 1593K, committed 1728K, reserved 1048576K
}
Event: 4.215 GC heap after
{Heap after GC invocations=2 (full 0):
 garbage-first heap   total 63488K, used 12780K [0x00000000c2c00000, 0x0000000100000000)
  region size 1024K, 1 young (1024K), 1 survivors (1024K)
 Metaspace       used 15656K, committed 15872K, reserved 1064960K
  class space    used 1593K, committed 1728K, reserved 1048576K
}
Event: 1465.477 GC heap before
{Heap before GC invocations=2 (full 0):
 garbage-first heap   total 63488K, used 43500K [0x00000000c2c00000, 0x0000000100000000)
  region size 1024K, 18 young (18432K), 1 survivors (1024K)
 Metaspace       used 16100K, committed 16320K, reserved 1064960K
  class space    used 1596K, committed 1728K, reserved 1048576K
}
Event: 1465.554 GC heap after
{Heap after GC invocations=3 (full 0):
 garbage-first heap   total 63488K, used 33944K [0x00000000c2c00000, 0x0000000100000000)
  region size 1024K, 3 young (3072K), 3 survivors (3072K)
 Metaspace       used 16100K, committed 16320K, reserved 1064960K
  class space    used 1596K, committed 1728K, reserved 1048576K
}

Deoptimization events (20 events):
Event: 8.944 Thread 0x000001f37652b080 Uncommon trap: trap_request=0xffffff45 fr.pc=0x000001f368fafdbc relative=0x000000000000009c
Event: 8.944 Thread 0x000001f37652b080 Uncommon trap: reason=unstable_if action=reinterpret pc=0x000001f368fafdbc method=java.awt.Component.inside(II)Z @ 1 c2
Event: 8.944 Thread 0x000001f37652b080 DEOPT PACKING pc=0x000001f368fafdbc sp=0x0000000b3c6fe250
Event: 8.944 Thread 0x000001f37652b080 DEOPT UNPACKING pc=0x000001f3614ed728 sp=0x0000000b3c6fe0f0 mode 2
Event: 1465.422 Thread 0x000001f37652b080 Uncommon trap: trap_request=0xffffff45 fr.pc=0x000001f368fe3ce8 relative=0x0000000000000128
Event: 1465.423 Thread 0x000001f37652b080 Uncommon trap: reason=unstable_if action=reinterpret pc=0x000001f368fe3ce8 method=java.awt.geom.AffineTransform.setToScale(DD)V @ 33 c2
Event: 1465.423 Thread 0x000001f37652b080 DEOPT PACKING pc=0x000001f368fe3ce8 sp=0x0000000b3c6fe620
Event: 1465.424 Thread 0x000001f37652b080 DEOPT UNPACKING pc=0x000001f3614ed728 sp=0x0000000b3c6fe4b0 mode 2
Event: 1465.425 Thread 0x000001f37652b080 Uncommon trap: trap_request=0xffffff45 fr.pc=0x000001f368feb054 relative=0x0000000000000134
Event: 1465.425 Thread 0x000001f37652b080 Uncommon trap: reason=unstable_if action=reinterpret pc=0x000001f368feb054 method=java.awt.geom.AffineTransform.equals(Ljava/lang/Object;)Z @ 23 c2
Event: 1465.425 Thread 0x000001f37652b080 DEOPT PACKING pc=0x000001f368feb054 sp=0x0000000b3c6fe630
Event: 1465.425 Thread 0x000001f37652b080 DEOPT UNPACKING pc=0x000001f3614ed728 sp=0x0000000b3c6fe5c8 mode 2
Event: 1465.426 Thread 0x000001f37652b080 Uncommon trap: trap_request=0xffffff45 fr.pc=0x000001f368fe0c2c relative=0x00000000000000ec
Event: 1465.426 Thread 0x000001f37652b080 Uncommon trap: reason=unstable_if action=reinterpret pc=0x000001f368fe0c2c method=java.awt.geom.AffineTransform.setToScale(DD)V @ 33 c2
Event: 1465.426 Thread 0x000001f37652b080 DEOPT PACKING pc=0x000001f368fe0c2c sp=0x0000000b3c6fe4c0
Event: 1465.426 Thread 0x000001f37652b080 DEOPT UNPACKING pc=0x000001f3614ed728 sp=0x0000000b3c6fe3e8 mode 2
Event: 1465.437 Thread 0x000001f37652b080 Uncommon trap: trap_request=0xffffff45 fr.pc=0x000001f368fe0fe8 relative=0x00000000000000a8
Event: 1465.437 Thread 0x000001f37652b080 Uncommon trap: reason=unstable_if action=reinterpret pc=0x000001f368fe0fe8 method=java.awt.geom.AffineTransform.setToScale(DD)V @ 33 c2
Event: 1465.437 Thread 0x000001f37652b080 DEOPT PACKING pc=0x000001f368fe0fe8 sp=0x0000000b3c6fe510
Event: 1465.437 Thread 0x000001f37652b080 DEOPT UNPACKING pc=0x000001f3614ed728 sp=0x0000000b3c6fe4b0 mode 2

Classes unloaded (20 events):
Event: 1465.582 Thread 0x000001f375500c20 Unloading class 0x00000001000c7800 'java/lang/invoke/LambdaForm$MH+0x00000001000c7800'
Event: 1465.582 Thread 0x000001f375500c20 Unloading class 0x00000001000c7400 'java/lang/invoke/LambdaForm$MH+0x00000001000c7400'
Event: 1465.582 Thread 0x000001f375500c20 Unloading class 0x00000001000c7000 'java/lang/invoke/LambdaForm$MH+0x00000001000c7000'
Event: 1465.582 Thread 0x000001f375500c20 Unloading class 0x00000001000c6000 'java/lang/invoke/LambdaForm$MH+0x00000001000c6000'
Event: 1465.582 Thread 0x000001f375500c20 Unloading class 0x00000001000c5c00 'java/lang/invoke/LambdaForm$MH+0x00000001000c5c00'
Event: 1465.582 Thread 0x000001f375500c20 Unloading class 0x00000001000c5400 'java/lang/invoke/LambdaForm$MH+0x00000001000c5400'
Event: 1465.582 Thread 0x000001f375500c20 Unloading class 0x00000001000c4400 'java/lang/invoke/LambdaForm$MH+0x00000001000c4400'
Event: 1465.582 Thread 0x000001f375500c20 Unloading class 0x00000001000c4000 'java/lang/invoke/LambdaForm$MH+0x00000001000c4000'
Event: 1465.582 Thread 0x000001f375500c20 Unloading class 0x00000001000c3c00 'java/lang/invoke/LambdaForm$MH+0x00000001000c3c00'
Event: 1465.582 Thread 0x000001f375500c20 Unloading class 0x00000001000c3800 'java/lang/invoke/LambdaForm$MH+0x00000001000c3800'
Event: 1465.582 Thread 0x000001f375500c20 Unloading class 0x00000001000c3400 'java/lang/invoke/LambdaForm$MH+0x00000001000c3400'
Event: 1465.582 Thread 0x000001f375500c20 Unloading class 0x00000001000c3000 'java/lang/invoke/LambdaForm$MH+0x00000001000c3000'
Event: 1465.582 Thread 0x000001f375500c20 Unloading class 0x00000001000c2c00 'java/lang/invoke/LambdaForm$MH+0x00000001000c2c00'
Event: 1465.582 Thread 0x000001f375500c20 Unloading class 0x00000001000c2800 'java/lang/invoke/LambdaForm$MH+0x00000001000c2800'
Event: 1465.582 Thread 0x000001f375500c20 Unloading class 0x00000001000c2000 'java/lang/invoke/LambdaForm$MH+0x00000001000c2000'
Event: 1465.582 Thread 0x000001f375500c20 Unloading class 0x00000001000c1800 'java/lang/invoke/LambdaForm$MH+0x00000001000c1800'
Event: 1465.582 Thread 0x000001f375500c20 Unloading class 0x00000001000c1400 'java/lang/invoke/LambdaForm$MH+0x00000001000c1400'
Event: 1465.582 Thread 0x000001f375500c20 Unloading class 0x00000001000c0c00 'java/lang/invoke/LambdaForm$MH+0x00000001000c0c00'
Event: 1465.582 Thread 0x000001f375500c20 Unloading class 0x00000001000c0800 'java/lang/invoke/LambdaForm$MH+0x00000001000c0800'
Event: 1465.582 Thread 0x000001f375500c20 Unloading class 0x00000001000c0000 'java/lang/invoke/LambdaForm$MH+0x00000001000c0000'

Classes redefined (0 events):
No events

Internal exceptions (14 events):
Event: 0.360 Thread 0x000001f35c7599c0 Exception <a 'java/lang/NoSuchMethodError'{0x00000000c681c348}: 'void java.lang.invoke.DirectMethodHandle$Holder.invokeSpecial(java.lang.Object, java.lang.Object, java.lang.Object)'> (0x00000000c681c348) 
thrown [t:\workspace\open\src\hotspot\share\interpreter\linkResolver.cpp, line 790]
Event: 0.415 Thread 0x000001f35c7599c0 Exception <a 'java/lang/ClassNotFoundException'{0x00000000c683cc80}: sun/awt/resources/spi/awtProvider> (0x00000000c683cc80) 
thrown [t:\workspace\open\src\hotspot\share\classfile\systemDictionary.cpp, line 256]
Event: 0.514 Thread 0x000001f35c7599c0 Exception <a 'java/io/FileNotFoundException'{0x00000000c68989e8}> (0x00000000c68989e8) 
thrown [t:\workspace\open\src\hotspot\share\prims\jni.cpp, line 579]
Event: 0.544 Thread 0x000001f35c7599c0 Exception <a 'java/io/FileNotFoundException'{0x00000000c68c7538}> (0x00000000c68c7538) 
thrown [t:\workspace\open\src\hotspot\share\prims\jni.cpp, line 579]
Event: 0.546 Thread 0x000001f35c7599c0 Exception <a 'java/lang/NoSuchMethodError'{0x00000000c68c90f8}: 'java.lang.Object java.lang.invoke.DirectMethodHandle$Holder.invokeStatic(java.lang.Object)'> (0x00000000c68c90f8) 
thrown [t:\workspace\open\src\hotspot\share\interpreter\linkResolver.cpp, line 790]
Event: 0.688 Thread 0x000001f35c7599c0 Exception <a 'java/lang/NoSuchMethodError'{0x00000000c67260c8}: 'java.lang.Object java.lang.invoke.DirectMethodHandle$Holder.invokeStaticInit(java.lang.Object)'> (0x00000000c67260c8) 
thrown [t:\workspace\open\src\hotspot\share\interpreter\linkResolver.cpp, line 790]
Event: 0.774 Thread 0x000001f35c7599c0 Exception <a 'java/lang/NoSuchMethodError'{0x00000000c6611a88}: 'java.lang.Object java.lang.invoke.DirectMethodHandle$Holder.newInvokeSpecial(java.lang.Object, java.lang.Object, java.lang.Object, java.lang.Object, java.lang.Object)'> (0x00000000c6611a88) 
thrown [t:\workspace\open\src\hotspot\share\interpreter\linkResolver.cpp, line 790]
Event: 0.778 Thread 0x000001f35c7599c0 Exception <a 'java/lang/NoSuchMethodError'{0x00000000c661d570}: 'java.lang.Object java.lang.invoke.DirectMethodHandle$Holder.invokeStatic(java.lang.Object, int, java.lang.Object, java.lang.Object, java.lang.Object, java.lang.Object)'> (0x00000000c661d570) 
thrown [t:\workspace\open\src\hotspot\share\interpreter\linkResolver.cpp, line 790]
Event: 0.786 Thread 0x000001f35c7599c0 Exception <a 'java/lang/NoSuchMethodError'{0x00000000c6643880}: 'java.lang.Object java.lang.invoke.DirectMethodHandle$Holder.invokeStatic(java.lang.Object, int, java.lang.Object)'> (0x00000000c6643880) 
thrown [t:\workspace\open\src\hotspot\share\interpreter\linkResolver.cpp, line 790]
Event: 0.837 Thread 0x000001f35c7599c0 Exception <a 'java/lang/ClassNotFoundException'{0x00000000c66fc200}: com/sun/swing/internal/plaf/metal/resources/spi/metalProvider> (0x00000000c66fc200) 
thrown [t:\workspace\open\src\hotspot\share\classfile\systemDictionary.cpp, line 256]
Event: 0.839 Thread 0x000001f35c7599c0 Exception <a 'java/lang/ClassNotFoundException'{0x00000000c65004e8}: com/sun/swing/internal/plaf/basic/resources/spi/basicProvider> (0x00000000c65004e8) 
thrown [t:\workspace\open\src\hotspot\share\classfile\systemDictionary.cpp, line 256]
Event: 1.025 Thread 0x000001f37643f530 Exception <a 'java/lang/NoSuchMethodError'{0x00000000c67529b0}: 'void java.lang.invoke.DirectMethodHandle$Holder.invokeVirtual(java.lang.Object, java.lang.Object)'> (0x00000000c67529b0) 
thrown [t:\workspace\open\src\hotspot\share\interpreter\linkResolver.cpp, line 790]
Event: 1.052 Thread 0x000001f35c7599c0 Exception <a 'java/lang/NoSuchMethodError'{0x00000000c65ebe58}: 'void java.lang.invoke.DirectMethodHandle$Holder.invokeStaticInit(java.lang.Object)'> (0x00000000c65ebe58) 
thrown [t:\workspace\open\src\hotspot\share\interpreter\linkResolver.cpp, line 790]
Event: 1.076 Thread 0x000001f35c7599c0 Exception <a 'java/io/FileNotFoundException'{0x00000000c65f94c8}> (0x00000000c65f94c8) 
thrown [t:\workspace\open\src\hotspot\share\prims\jni.cpp, line 579]

Events (20 events):
Event: 11.276 Executing  VM operation: Cleanup done
Event: 12.285 Executing  VM operation: Cleanup
Event: 12.285 Executing  VM operation: Cleanup done
Event: 16.335 Executing  VM operation: Cleanup
Event: 16.335 Executing  VM operation: Cleanup done
Event: 1216.651 Executing  VM operation: Cleanup
Event: 1216.655 Executing  VM operation: Cleanup done
Event: 1465.171 loading class java/util/Collections$SynchronizedSet
Event: 1465.175 loading class java/util/Collections$SynchronizedSet done
Event: 1465.176 loading class java/util/WeakHashMap$KeyIterator
Event: 1465.178 loading class java/util/WeakHashMap$HashIterator
Event: 1465.181 loading class java/util/WeakHashMap$HashIterator done
Event: 1465.181 loading class java/util/WeakHashMap$KeyIterator done
Event: 1465.360 Executing  VM operation: Cleanup
Event: 1465.407 Executing  VM operation: Cleanup done
Event: 1465.443 loading class javax/swing/RepaintManager$DisplayChangedRunnable
Event: 1465.444 loading class javax/swing/RepaintManager$DisplayChangedRunnable done
Event: 1465.477 Executing  VM operation: G1TryInitiateConcMark
Event: 1465.554 Executing  VM operation: G1TryInitiateConcMark done
Event: 1465.569 Executing  VM operation: G1Concurrent


Dynamic libraries:
0x00007ff69ff80000 - 0x00007ff69ff8e000 	C:\devtool\eclipse-jee-2021-06-R-win32-x86_64\eclipse\plugins\org.eclipse.justj.openjdk.hotspot.jre.full.win32.x86_64_16.0.1.v20210528-1205\jre\bin\javaw.exe
0x00007ffa1c590000 - 0x00007ffa1c787000 	C:\WINDOWS\SYSTEM32\ntdll.dll
0x00007ffa1ba20000 - 0x00007ffa1badd000 	C:\WINDOWS\System32\KERNEL32.DLL
0x00007ffa1a110000 - 0x00007ffa1a3dd000 	C:\WINDOWS\System32\KERNELBASE.dll
0x00007ffa1a3e0000 - 0x00007ffa1a4e0000 	C:\WINDOWS\System32\ucrtbase.dll
0x00007ff9fb2f0000 - 0x00007ff9fb309000 	C:\devtool\eclipse-jee-2021-06-R-win32-x86_64\eclipse\plugins\org.eclipse.justj.openjdk.hotspot.jre.full.win32.x86_64_16.0.1.v20210528-1205\jre\bin\VCRUNTIME140.dll
0x00007ffa021f0000 - 0x00007ffa02208000 	C:\devtool\eclipse-jee-2021-06-R-win32-x86_64\eclipse\plugins\org.eclipse.justj.openjdk.hotspot.jre.full.win32.x86_64_16.0.1.v20210528-1205\jre\bin\jli.dll
0x00007ffa1c270000 - 0x00007ffa1c410000 	C:\WINDOWS\System32\USER32.dll
0x00007ff9f9290000 - 0x00007ff9f952a000 	C:\WINDOWS\WinSxS\amd64_microsoft.windows.common-controls_6595b64144ccf1df_6.0.19041.1110_none_60b5254171f9507e\COMCTL32.dll
0x00007ffa1a050000 - 0x00007ffa1a072000 	C:\WINDOWS\System32\win32u.dll
0x00007ffa1a8d0000 - 0x00007ffa1a96e000 	C:\WINDOWS\System32\msvcrt.dll
0x00007ffa1b730000 - 0x00007ffa1b75a000 	C:\WINDOWS\System32\GDI32.dll
0x00007ffa1a4e0000 - 0x00007ffa1a5eb000 	C:\WINDOWS\System32\gdi32full.dll
0x00007ffa19db0000 - 0x00007ffa19e4d000 	C:\WINDOWS\System32\msvcp_win.dll
0x00007ffa1bae0000 - 0x00007ffa1bb10000 	C:\WINDOWS\System32\IMM32.DLL
0x00007ffa09900000 - 0x00007ffa0990c000 	C:\devtool\eclipse-jee-2021-06-R-win32-x86_64\eclipse\plugins\org.eclipse.justj.openjdk.hotspot.jre.full.win32.x86_64_16.0.1.v20210528-1205\jre\bin\vcruntime140_1.dll
0x00007ff9e8590000 - 0x00007ff9e8621000 	C:\devtool\eclipse-jee-2021-06-R-win32-x86_64\eclipse\plugins\org.eclipse.justj.openjdk.hotspot.jre.full.win32.x86_64_16.0.1.v20210528-1205\jre\bin\msvcp140.dll
0x00007ff9e1840000 - 0x00007ff9e23eb000 	C:\devtool\eclipse-jee-2021-06-R-win32-x86_64\eclipse\plugins\org.eclipse.justj.openjdk.hotspot.jre.full.win32.x86_64_16.0.1.v20210528-1205\jre\bin\server\jvm.dll
0x00007ffa1c110000 - 0x00007ffa1c1be000 	C:\WINDOWS\System32\ADVAPI32.dll
0x00007ffa1b840000 - 0x00007ffa1b8dc000 	C:\WINDOWS\System32\sechost.dll
0x00007ffa1c420000 - 0x00007ffa1c545000 	C:\WINDOWS\System32\RPCRT4.dll
0x00007ffa1c410000 - 0x00007ffa1c418000 	C:\WINDOWS\System32\PSAPI.DLL
0x00007ffa0b010000 - 0x00007ffa0b019000 	C:\WINDOWS\SYSTEM32\WSOCK32.dll
0x00007ffa0d2c0000 - 0x00007ffa0d2e7000 	C:\WINDOWS\SYSTEM32\WINMM.dll
0x00007ffa1b7d0000 - 0x00007ffa1b83b000 	C:\WINDOWS\System32\WS2_32.dll
0x00007ffa11940000 - 0x00007ffa1194a000 	C:\WINDOWS\SYSTEM32\VERSION.dll
0x00007ffa18540000 - 0x00007ffa18552000 	C:\WINDOWS\SYSTEM32\kernel.appcore.dll
0x00007ffa034f0000 - 0x00007ffa034fa000 	C:\devtool\eclipse-jee-2021-06-R-win32-x86_64\eclipse\plugins\org.eclipse.justj.openjdk.hotspot.jre.full.win32.x86_64_16.0.1.v20210528-1205\jre\bin\jimage.dll
0x00007ffa17ac0000 - 0x00007ffa17ca4000 	C:\WINDOWS\SYSTEM32\DBGHELP.DLL
0x00007ffa124c0000 - 0x00007ffa124ec000 	C:\WINDOWS\SYSTEM32\dbgcore.DLL
0x00007ffa1a080000 - 0x00007ffa1a102000 	C:\WINDOWS\System32\bcryptPrimitives.dll
0x00007ff9e89f0000 - 0x00007ff9e8a15000 	C:\devtool\eclipse-jee-2021-06-R-win32-x86_64\eclipse\plugins\org.eclipse.justj.openjdk.hotspot.jre.full.win32.x86_64_16.0.1.v20210528-1205\jre\bin\java.dll
0x00007ff9fafc0000 - 0x00007ff9fafd8000 	C:\devtool\eclipse-jee-2021-06-R-win32-x86_64\eclipse\plugins\org.eclipse.justj.openjdk.hotspot.jre.full.win32.x86_64_16.0.1.v20210528-1205\jre\bin\zip.dll
0x00007ffa1af40000 - 0x00007ffa1b684000 	C:\WINDOWS\System32\SHELL32.dll
0x00007ffa17cb0000 - 0x00007ffa18444000 	C:\WINDOWS\SYSTEM32\windows.storage.dll
0x00007ffa1a970000 - 0x00007ffa1acc4000 	C:\WINDOWS\System32\combase.dll
0x00007ffa196a0000 - 0x00007ffa196cc000 	C:\WINDOWS\SYSTEM32\Wldp.dll
0x00007ffa1c1c0000 - 0x00007ffa1c26d000 	C:\WINDOWS\System32\SHCORE.dll
0x00007ffa1bc40000 - 0x00007ffa1bc95000 	C:\WINDOWS\System32\shlwapi.dll
0x00007ffa19bf0000 - 0x00007ffa19c0f000 	C:\WINDOWS\SYSTEM32\profapi.dll
0x00007ff9e6ba0000 - 0x00007ff9e6d1f000 	C:\devtool\eclipse-jee-2021-06-R-win32-x86_64\eclipse\plugins\org.eclipse.justj.openjdk.hotspot.jre.full.win32.x86_64_16.0.1.v20210528-1205\jre\bin\awt.dll
0x00007ffa1a5f0000 - 0x00007ffa1a6bd000 	C:\WINDOWS\System32\OLEAUT32.dll
0x00007ffa16c40000 - 0x00007ffa16cd0000 	C:\WINDOWS\SYSTEM32\apphelp.dll
0x00007ffa17640000 - 0x00007ffa1766f000 	C:\WINDOWS\system32\DWMAPI.DLL
0x00007ffa16e00000 - 0x00007ffa16e9e000 	C:\WINDOWS\system32\uxtheme.dll
0x00007ffa01950000 - 0x00007ffa01a76000 	C:\WINDOWS\system32\opengl32.dll
0x00007ffa13050000 - 0x00007ffa1307c000 	C:\WINDOWS\SYSTEM32\GLU32.dll
0x00007ffa1b8e0000 - 0x00007ffa1b9f5000 	C:\WINDOWS\System32\MSCTF.dll
0x00007ffa1bb10000 - 0x00007ffa1bc3a000 	C:\WINDOWS\System32\ole32.dll
0x00007ff9e8500000 - 0x00007ff9e8589000 	C:\devtool\eclipse-jee-2021-06-R-win32-x86_64\eclipse\plugins\org.eclipse.justj.openjdk.hotspot.jre.full.win32.x86_64_16.0.1.v20210528-1205\jre\bin\freetype.dll
0x00007ff9e47d0000 - 0x00007ff9e48c6000 	C:\devtool\eclipse-jee-2021-06-R-win32-x86_64\eclipse\plugins\org.eclipse.justj.openjdk.hotspot.jre.full.win32.x86_64_16.0.1.v20210528-1205\jre\bin\harfbuzz.dll
0x00007ff9fa330000 - 0x00007ff9fa342000 	C:\devtool\eclipse-jee-2021-06-R-win32-x86_64\eclipse\plugins\org.eclipse.justj.openjdk.hotspot.jre.full.win32.x86_64_16.0.1.v20210528-1205\jre\bin\fontmanager.dll
0x00007ffa1ae90000 - 0x00007ffa1af39000 	C:\WINDOWS\System32\clbcatq.dll
0x00007ffa01bb0000 - 0x00007ffa01d64000 	C:\WINDOWS\SYSTEM32\WindowsCodecs.dll
0x00007ffa19e50000 - 0x00007ffa19e77000 	C:\WINDOWS\System32\bcrypt.dll
0x00007ff9fa2c0000 - 0x00007ff9fa2fe000 	C:\WINDOWS\system32\dataexchange.dll
0x00007ffa15350000 - 0x00007ffa155b3000 	C:\WINDOWS\system32\d3d11.dll
0x00007ffa16140000 - 0x00007ffa16324000 	C:\WINDOWS\system32\dcomp.dll
0x00007ffa185b0000 - 0x00007ffa186a3000 	C:\WINDOWS\system32\dxgi.dll
0x00007ffa12cf0000 - 0x00007ffa12ef0000 	C:\WINDOWS\system32\twinapi.appcore.dll
0x00007ff9fa8d0000 - 0x00007ff9fa8e9000 	C:\devtool\eclipse-jee-2021-06-R-win32-x86_64\eclipse\plugins\org.eclipse.justj.openjdk.hotspot.jre.full.win32.x86_64_16.0.1.v20210528-1205\jre\bin\net.dll
0x00007ffa0fd00000 - 0x00007ffa0fe0a000 	C:\WINDOWS\SYSTEM32\WINHTTP.dll
0x00007ffa193a0000 - 0x00007ffa1940a000 	C:\WINDOWS\system32\mswsock.dll
0x00007ff9f91a0000 - 0x00007ff9f91b3000 	C:\devtool\eclipse-jee-2021-06-R-win32-x86_64\eclipse\plugins\org.eclipse.justj.openjdk.hotspot.jre.full.win32.x86_64_16.0.1.v20210528-1205\jre\bin\nio.dll
0x00007ffa03920000 - 0x00007ffa03a19000 	C:\WINDOWS\SYSTEM32\textinputframework.dll
0x00007ffa166b0000 - 0x00007ffa16a0e000 	C:\WINDOWS\System32\CoreUIComponents.dll
0x00007ffa16a10000 - 0x00007ffa16b02000 	C:\WINDOWS\System32\CoreMessaging.dll
0x00007ffa189b0000 - 0x00007ffa189e3000 	C:\WINDOWS\SYSTEM32\ntmarta.dll
0x00007ffa15fe0000 - 0x00007ffa16134000 	C:\WINDOWS\SYSTEM32\wintypes.dll
0x00007ff9f4440000 - 0x00007ff9f4511000 	C:\Windows\System32\IME\IMEKR\imkrtip.dll
0x00007ffa17540000 - 0x00007ffa17636000 	C:\WINDOWS\SYSTEM32\PROPSYS.dll
0x00007ff9f3700000 - 0x00007ff9f3842000 	C:\Windows\System32\IME\shared\imetip.dll
0x00007ffa0d200000 - 0x00007ffa0d266000 	C:\WINDOWS\SYSTEM32\OLEACC.dll
0x00007ff9e5690000 - 0x00007ff9e583e000 	C:\WINDOWS\SYSTEM32\DUI70.dll
0x00007ff9f36b0000 - 0x00007ff9f36f1000 	C:\Windows\System32\IME\IMEKR\imkrapi.dll
0x00007ffa150f0000 - 0x00007ffa15190000 	C:\WINDOWS\SYSTEM32\policymanager.dll
0x00007ffa18db0000 - 0x00007ffa18e3a000 	C:\WINDOWS\SYSTEM32\msvcp110_win.dll
0x00007ff9f2e90000 - 0x00007ff9f2ece000 	C:\Windows\System32\IME\shared\imjkapi.dll
0x00007ff9faed0000 - 0x00007ff9faf7c000 	C:\WINDOWS\SYSTEM32\TextShaping.dll

dbghelp: loaded successfully - version: 4.0.5 - missing functions: none
symbol engine: initialized successfully - sym options: 0x614 - pdb path: .;C:\devtool\eclipse-jee-2021-06-R-win32-x86_64\eclipse\plugins\org.eclipse.justj.openjdk.hotspot.jre.full.win32.x86_64_16.0.1.v20210528-1205\jre\bin;C:\WINDOWS\SYSTEM32;C:\WINDOWS\WinSxS\amd64_microsoft.windows.common-controls_6595b64144ccf1df_6.0.19041.1110_none_60b5254171f9507e;C:\devtool\eclipse-jee-2021-06-R-win32-x86_64\eclipse\plugins\org.eclipse.justj.openjdk.hotspot.jre.full.win32.x86_64_16.0.1.v20210528-1205\jre\bin\server;C:\Windows\System32\IME\IMEKR;C:\Windows\System32\IME\shared

VM Arguments:
jvm_args: -Dfile.encoding=MS949 -XX:+ShowCodeDetailsInExceptionMessages 
java_command: com.ysh.swingproject.MenuEx
java_class_path (initial): C:\webworkspace\Project\bin
Launcher Type: SUN_STANDARD

[Global flags]
     intx CICompilerCount                          = 3                                         {product} {ergonomic}
     uint ConcGCThreads                            = 1                                         {product} {ergonomic}
     uint G1ConcRefinementThreads                  = 4                                         {product} {ergonomic}
   size_t G1HeapRegionSize                         = 1048576                                   {product} {ergonomic}
    uintx GCDrainStackTargetSize                   = 64                                        {product} {ergonomic}
   size_t InitialHeapSize                          = 65011712                                  {product} {ergonomic}
   size_t MarkStackSize                            = 4194304                                   {product} {ergonomic}
   size_t MaxHeapSize                              = 1027604480                                {product} {ergonomic}
   size_t MaxNewSize                               = 616562688                                 {product} {ergonomic}
   size_t MinHeapDeltaBytes                        = 1048576                                   {product} {ergonomic}
   size_t MinHeapSize                              = 8388608                                   {product} {ergonomic}
    uintx NonNMethodCodeHeapSize                   = 5832780                                {pd product} {ergonomic}
    uintx NonProfiledCodeHeapSize                  = 122912730                              {pd product} {ergonomic}
    uintx ProfiledCodeHeapSize                     = 122912730                              {pd product} {ergonomic}
    uintx ReservedCodeCacheSize                    = 251658240                              {pd product} {ergonomic}
     bool SegmentedCodeCache                       = true                                      {product} {ergonomic}
     bool ShowCodeDetailsInExceptionMessages       = true                                   {manageable} {command line}
   size_t SoftMaxHeapSize                          = 1027604480                             {manageable} {ergonomic}
     bool UseCompressedClassPointers               = true                           {product lp64_product} {ergonomic}
     bool UseCompressedOops                        = true                           {product lp64_product} {ergonomic}
     bool UseG1GC                                  = true                                      {product} {ergonomic}
     bool UseLargePagesIndividualAllocation        = false                                  {pd product} {ergonomic}

Logging:
Log output configuration:
 #0: stdout all=warning uptime,level,tags
 #1: stderr all=off uptime,level,tags

Environment Variables:
JAVA_HOME=C:\Program Files\Java\jdk1.8.0_331\bin
PATH=C:/devtool/eclipse-jee-2021-06-R-win32-x86_64/eclipse//plugins/org.eclipse.justj.openjdk.hotspot.jre.full.win32.x86_64_16.0.1.v20210528-1205/jre/bin/server;C:/devtool/eclipse-jee-2021-06-R-win32-x86_64/eclipse//plugins/org.eclipse.justj.openjdk.hotspot.jre.full.win32.x86_64_16.0.1.v20210528-1205/jre/bin;C:\app\yeums\product\11.2.0\dbhome_1\bin;C:\Program Files (x86)\Common Files\Oracle\Java\javapath;C:\WINDOWS\system32;C:\WINDOWS;C:\WINDOWS\System32\Wbem;C:\WINDOWS\System32\WindowsPowerShell\v1.0\;C:\WINDOWS\System32\OpenSSH\;C:\Program Files\Java\jdk1.8.0_331\bin;C:\Program Files\Git\cmd;C:\Users\yeums\AppData\Local\Microsoft\WindowsApps;;C:\Users\yeums\AppData\Local\Programs\Microsoft VS Code\bin;C:\devtool\eclipse-jee-2021-06-R-win32-x86_64\eclipse;
USERNAME=yeums
OS=Windows_NT
PROCESSOR_IDENTIFIER=Intel64 Family 6 Model 122 Stepping 1, GenuineIntel



---------------  S Y S T E M  ---------------

OS:
 Windows 10 , 64 bit Build 19041 (10.0.19041.1741)
OS uptime: 7 days 8:53 hours

CPU: total 4 (initial active 4) (4 cores per cpu, 1 threads per core) family 6 model 122 stepping 1 microcode 0x2e, cx8, cmov, fxsr, mmx, 3dnowpref, sse, sse2, sse3, ssse3, sse4.1, sse4.2, popcnt, tsc, tscinvbit, aes, erms, clmul, sha, clflush, clflushopt

Memory: 4k page, system-wide physical 3916M (225M free)
TotalPageFile size 15692M (AvailPageFile size 3M)
current process WorkingSet (physical memory assigned to process): 58M, peak: 123M
current process commit charge ("private bytes"): 160M, peak: 163M

vm_info: OpenJDK 64-Bit Server VM (16.0.1+9-24) for windows-amd64 JRE (16.0.1+9-24), built on Mar 26 2021 19:30:07 by "mach5one" with MS VC++ 16.7 (VS2019)

END.
